<?xml version="1.0" encoding="UTF-8"?>
<testng-results ignored="5" total="16" passed="11" failed="0" skipped="0">
  <reporter-output>
  </reporter-output>
  <suite started-at="2022-02-16T12:02:51 PST" name="LoanDepartment" finished-at="2022-02-16T12:02:51 PST" duration-ms="337">
    <groups>
      <group name="Smoke">
        <method signature="Day4.WebHomeLoanLogout()[pri:0, instance:test.Day4@49912c99]" name="WebHomeLoanLogout" class="test.Day4"/>
        <method signature="Day3.WebHomeCarLoanLogout()[pri:0, instance:test.Day3@5d7148e2]" name="WebHomeCarLoanLogout" class="test.Day3"/>
      </group> <!-- Smoke -->
    </groups>
    <test started-at="2022-02-16T12:02:51 PST" name="PersonalLoan" finished-at="2022-02-16T12:02:51 PST" duration-ms="102">
      <class name="test.Day1">
        <test-method signature="demo()[pri:0, instance:test.Day1@6a370f4]" started-at="2022-02-16T12:02:51 PST" name="demo" finished-at="2022-02-16T12:02:51 PST" duration-ms="13" status="PASS">
          <reporter-output>
          </reporter-output>
        </test-method> <!-- demo -->
      </class> <!-- test.Day1 -->
      <class name="test.Day2">
        <test-method is-config="true" signature="method3()[pri:0, instance:test.Day2@10163d6]" started-at="2022-02-16T12:02:51 PST" name="method3" finished-at="2022-02-16T12:02:51 PST" duration-ms="1" status="PASS">
          <reporter-output>
          </reporter-output>
        </test-method> <!-- method3 -->
      </class> <!-- test.Day2 -->
      <class name="test.Day4">
        <test-method is-config="true" signature="before()[pri:0, instance:test.Day4@49912c99]" started-at="2022-02-16T12:02:51 PST" name="before" finished-at="2022-02-16T12:02:51 PST" duration-ms="0" status="PASS">
          <reporter-output>
          </reporter-output>
        </test-method> <!-- before -->
        <test-method is-config="true" signature="beforeClass()[pri:0, instance:test.Day4@49912c99]" started-at="2022-02-16T12:02:51 PST" name="beforeClass" finished-at="2022-02-16T12:02:51 PST" duration-ms="1" status="PASS">
          <reporter-output>
          </reporter-output>
        </test-method> <!-- beforeClass -->
        <test-method signature="APIHomeLoan(java.lang.String,java.lang.String)[pri:0, instance:test.Day4@49912c99]" started-at="2022-02-16T12:02:51 PST" name="APIHomeLoan" finished-at="2022-02-16T12:02:51 PST" duration-ms="2" status="PASS">
          <params>
            <param index="0">
              <value>
                <![CDATA[https://personalLoan.com]]>
              </value>
            </param>
            <param index="1">
              <value>
                <![CDATA[keyyyy]]>
              </value>
            </param>
          </params>
          <reporter-output>
          </reporter-output>
        </test-method> <!-- APIHomeLoan -->
        <test-method signature="MobileHomeLoan(java.lang.String,java.lang.String)[pri:0, instance:test.Day4@49912c99]" started-at="2022-02-16T12:02:51 PST" name="MobileHomeLoan" finished-at="2022-02-16T12:02:51 PST" duration-ms="3" status="PASS">
          <params>
            <param index="0">
              <value>
                <![CDATA[https://personalLoan.com]]>
              </value>
            </param>
            <param index="1">
              <value>
                <![CDATA[keyyyy]]>
              </value>
            </param>
          </params>
          <reporter-output>
          </reporter-output>
        </test-method> <!-- MobileHomeLoan -->
        <test-method signature="WebHomeLoanLogin()[pri:0, instance:test.Day4@49912c99]" started-at="2022-02-16T12:02:51 PST" name="WebHomeLoanLogin" finished-at="2022-02-16T12:02:51 PST" duration-ms="3" status="PASS">
          <reporter-output>
          </reporter-output>
        </test-method> <!-- WebHomeLoanLogin -->
        <test-method signature="WebHomeLoanLogout()[pri:0, instance:test.Day4@49912c99]" started-at="2022-02-16T12:02:51 PST" name="WebHomeLoanLogout" finished-at="2022-02-16T12:02:51 PST" duration-ms="2" status="PASS">
          <reporter-output>
          </reporter-output>
        </test-method> <!-- WebHomeLoanLogout -->
        <test-method is-config="true" signature="afterClass()[pri:0, instance:test.Day4@49912c99]" started-at="2022-02-16T12:02:51 PST" name="afterClass" finished-at="2022-02-16T12:02:51 PST" duration-ms="0" status="PASS">
          <reporter-output>
          </reporter-output>
        </test-method> <!-- afterClass -->
      </class> <!-- test.Day4 -->
    </test> <!-- PersonalLoan -->
    <test started-at="2022-02-16T12:02:51 PST" name="CarLoan" finished-at="2022-02-16T12:02:51 PST" duration-ms="48">
      <class name="test.Day3">
        <test-method is-config="true" signature="beforeSuite()[pri:0, instance:test.Day3@5d7148e2]" started-at="2022-02-16T12:02:51 PST" name="beforeSuite" finished-at="2022-02-16T12:02:51 PST" duration-ms="16" status="PASS">
          <reporter-output>
          </reporter-output>
        </test-method> <!-- beforeSuite -->
        <test-method is-config="true" signature="eachMethod()[pri:0, instance:test.Day3@5d7148e2]" started-at="2022-02-16T12:02:51 PST" name="eachMethod" finished-at="2022-02-16T12:02:51 PST" duration-ms="2" status="PASS">
          <reporter-output>
          </reporter-output>
        </test-method> <!-- eachMethod -->
        <test-method signature="WebHomeCarLoanLogin(java.lang.String)[pri:0, instance:test.Day3@5d7148e2]" started-at="2022-02-16T12:02:51 PST" name="WebHomeCarLoanLogin" finished-at="2022-02-16T12:02:51 PST" duration-ms="1" status="PASS">
          <params>
            <param index="0">
              <value>
                <![CDATA[https://Carloan.com]]>
              </value>
            </param>
          </params>
          <reporter-output>
          </reporter-output>
        </test-method> <!-- WebHomeCarLoanLogin -->
        <test-method is-config="true" signature="afterMethod()[pri:0, instance:test.Day3@5d7148e2]" started-at="2022-02-16T12:02:51 PST" name="afterMethod" finished-at="2022-02-16T12:02:51 PST" duration-ms="1" status="PASS">
          <reporter-output>
          </reporter-output>
        </test-method> <!-- afterMethod -->
        <test-method signature="WebHomeCarLoanLogout()[pri:0, instance:test.Day3@5d7148e2]" started-at="2022-02-16T12:02:51 PST" name="WebHomeCarLoanLogout" finished-at="2022-02-16T12:02:51 PST" duration-ms="3" status="PASS">
          <reporter-output>
          </reporter-output>
        </test-method> <!-- WebHomeCarLoanLogout -->
        <test-method is-config="true" signature="eachMethod()[pri:0, instance:test.Day3@5d7148e2]" started-at="2022-02-16T12:02:51 PST" name="eachMethod" finished-at="2022-02-16T12:02:51 PST" duration-ms="0" status="PASS">
          <reporter-output>
          </reporter-output>
        </test-method> <!-- eachMethod -->
        <test-method is-config="true" signature="afterMethod()[pri:0, instance:test.Day3@5d7148e2]" started-at="2022-02-16T12:02:51 PST" name="afterMethod" finished-at="2022-02-16T12:02:51 PST" duration-ms="1" status="PASS">
          <reporter-output>
          </reporter-output>
        </test-method> <!-- afterMethod -->
        <test-method is-config="true" signature="eachMethod()[pri:0, instance:test.Day3@5d7148e2]" started-at="2022-02-16T12:02:51 PST" name="eachMethod" finished-at="2022-02-16T12:02:51 PST" duration-ms="0" status="PASS">
          <reporter-output>
          </reporter-output>
        </test-method> <!-- eachMethod -->
        <test-method signature="dataProvider(java.lang.String,java.lang.String)[pri:0, instance:test.Day3@5d7148e2]" started-at="2022-02-16T12:02:51 PST" name="dataProvider" data-provider="getData" finished-at="2022-02-16T12:02:51 PST" duration-ms="2" status="PASS">
          <params>
            <param index="0">
              <value>
                <![CDATA[firstUsername]]>
              </value>
            </param>
            <param index="1">
              <value>
                <![CDATA[firstPassword]]>
              </value>
            </param>
          </params>
          <reporter-output>
          </reporter-output>
        </test-method> <!-- dataProvider -->
        <test-method is-config="true" signature="eachMethod()[pri:0, instance:test.Day3@5d7148e2]" started-at="2022-02-16T12:02:51 PST" name="eachMethod" finished-at="2022-02-16T12:02:51 PST" duration-ms="1" status="PASS">
          <reporter-output>
          </reporter-output>
        </test-method> <!-- eachMethod -->
        <test-method is-config="true" signature="afterMethod()[pri:0, instance:test.Day3@5d7148e2]" started-at="2022-02-16T12:02:51 PST" name="afterMethod" finished-at="2022-02-16T12:02:51 PST" duration-ms="0" status="PASS">
          <reporter-output>
          </reporter-output>
        </test-method> <!-- afterMethod -->
        <test-method signature="dataProvider(java.lang.String,java.lang.String)[pri:0, instance:test.Day3@5d7148e2]" started-at="2022-02-16T12:02:51 PST" name="dataProvider" data-provider="getData" finished-at="2022-02-16T12:02:51 PST" duration-ms="2" status="PASS">
          <params>
            <param index="0">
              <value>
                <![CDATA[secondUsername]]>
              </value>
            </param>
            <param index="1">
              <value>
                <![CDATA[secondPassword]]>
              </value>
            </param>
          </params>
          <reporter-output>
          </reporter-output>
        </test-method> <!-- dataProvider -->
        <test-method is-config="true" signature="afterMethod()[pri:0, instance:test.Day3@5d7148e2]" started-at="2022-02-16T12:02:51 PST" name="afterMethod" finished-at="2022-02-16T12:02:51 PST" duration-ms="0" status="PASS">
          <reporter-output>
          </reporter-output>
        </test-method> <!-- afterMethod -->
        <test-method is-config="true" signature="eachMethod()[pri:0, instance:test.Day3@5d7148e2]" started-at="2022-02-16T12:02:51 PST" name="eachMethod" finished-at="2022-02-16T12:02:51 PST" duration-ms="0" status="PASS">
          <reporter-output>
          </reporter-output>
        </test-method> <!-- eachMethod -->
        <test-method signature="dataProvider(java.lang.String,java.lang.String)[pri:0, instance:test.Day3@5d7148e2]" started-at="2022-02-16T12:02:51 PST" name="dataProvider" data-provider="getData" finished-at="2022-02-16T12:02:51 PST" duration-ms="2" status="PASS">
          <params>
            <param index="0">
              <value>
                <![CDATA[thirdUsername]]>
              </value>
            </param>
            <param index="1">
              <value>
                <![CDATA[thirdPassword]]>
              </value>
            </param>
          </params>
          <reporter-output>
          </reporter-output>
        </test-method> <!-- dataProvider -->
        <test-method is-config="true" signature="afterMethod()[pri:0, instance:test.Day3@5d7148e2]" started-at="2022-02-16T12:02:51 PST" name="afterMethod" finished-at="2022-02-16T12:02:51 PST" duration-ms="0" status="PASS">
          <reporter-output>
          </reporter-output>
        </test-method> <!-- afterMethod -->
        <test-method is-config="true" signature="eachMethod()[pri:0, instance:test.Day3@5d7148e2]" started-at="2022-02-16T12:02:51 PST" name="eachMethod" finished-at="2022-02-16T12:02:51 PST" duration-ms="0" status="PASS">
          <reporter-output>
          </reporter-output>
        </test-method> <!-- eachMethod -->
        <test-method signature="APICarLoanHome()[pri:0, instance:test.Day3@5d7148e2]" started-at="2022-02-16T12:02:51 PST" name="APICarLoanHome" finished-at="2022-02-16T12:02:51 PST" depends-on-methods="test.Day3.WebHomeCarLoanLogout, test.Day3.WebHomeCarLoanLogin" duration-ms="1" status="PASS">
          <reporter-output>
          </reporter-output>
        </test-method> <!-- APICarLoanHome -->
        <test-method is-config="true" signature="afterMethod()[pri:0, instance:test.Day3@5d7148e2]" started-at="2022-02-16T12:02:51 PST" name="afterMethod" finished-at="2022-02-16T12:02:51 PST" duration-ms="1" status="PASS">
          <reporter-output>
          </reporter-output>
        </test-method> <!-- afterMethod -->
        <test-method is-config="true" signature="afterSuite()[pri:0, instance:test.Day3@5d7148e2]" started-at="2022-02-16T12:02:51 PST" name="afterSuite" finished-at="2022-02-16T12:02:51 PST" duration-ms="0" status="PASS">
          <reporter-output>
          </reporter-output>
        </test-method> <!-- afterSuite -->
      </class> <!-- test.Day3 -->
    </test> <!-- CarLoan -->
  </suite> <!-- LoanDepartment -->
</testng-results>
