<?xml version="1.0" encoding="UTF-8"?>
<testng-results ignored="0" total="6" passed="6" failed="0" skipped="0">
  <reporter-output>
  </reporter-output>
  <suite started-at="2022-02-25T17:14:01 GMT-08:00" name="Suite" finished-at="2022-02-25T17:14:24 GMT-08:00" duration-ms="22451">
    <groups>
    </groups>
    <test started-at="2022-02-25T17:14:01 GMT-08:00" name="Test" finished-at="2022-02-25T17:14:24 GMT-08:00" duration-ms="22451">
      <class name="testCases.Login_TC1">
        <test-method is-config="true" signature="initilize()[pri:0, instance:testCases.Login_TC1@32ee6fee]" started-at="2022-02-25T17:14:01 GMT-08:00" name="initilize" finished-at="2022-02-25T17:14:15 GMT-08:00" duration-ms="14083" status="PASS">
          <reporter-output>
          </reporter-output>
        </test-method> <!-- initilize -->
        <test-method signature="basePageNavigation(java.lang.String,java.lang.String,java.lang.String)[pri:0, instance:testCases.Login_TC1@32ee6fee]" started-at="2022-02-25T17:14:15 GMT-08:00" name="basePageNavigation" data-provider="getData" finished-at="2022-02-25T17:14:17 GMT-08:00" duration-ms="1797" status="PASS">
          <params>
            <param index="0">
              <value>
                <![CDATA[User1]]>
              </value>
            </param>
            <param index="1">
              <value>
                <![CDATA[Password1]]>
              </value>
            </param>
            <param index="2">
              <value>
                <![CDATA[TestData]]>
              </value>
            </param>
          </params>
          <reporter-output>
          </reporter-output>
        </test-method> <!-- basePageNavigation -->
        <test-method is-config="true" signature="teardown()[pri:0, instance:testCases.Login_TC1@32ee6fee]" started-at="2022-02-25T17:14:17 GMT-08:00" name="teardown" finished-at="2022-02-25T17:14:17 GMT-08:00" duration-ms="120" status="PASS">
          <reporter-output>
          </reporter-output>
        </test-method> <!-- teardown -->
        <test-method is-config="true" signature="initilize()[pri:0, instance:testCases.Login_TC1@32ee6fee]" started-at="2022-02-25T17:14:17 GMT-08:00" name="initilize" finished-at="2022-02-25T17:14:21 GMT-08:00" duration-ms="4301" status="PASS">
          <reporter-output>
          </reporter-output>
        </test-method> <!-- initilize -->
        <test-method signature="basePageNavigation(java.lang.String,java.lang.String,java.lang.String)[pri:0, instance:testCases.Login_TC1@32ee6fee]" started-at="2022-02-25T17:14:21 GMT-08:00" name="basePageNavigation" data-provider="getData" finished-at="2022-02-25T17:14:23 GMT-08:00" duration-ms="1463" status="PASS">
          <params>
            <param index="0">
              <value>
                <![CDATA[User2]]>
              </value>
            </param>
            <param index="1">
              <value>
                <![CDATA[Password2]]>
              </value>
            </param>
            <param index="2">
              <value>
                <![CDATA[testData2]]>
              </value>
            </param>
          </params>
          <reporter-output>
          </reporter-output>
        </test-method> <!-- basePageNavigation -->
        <test-method is-config="true" signature="teardown()[pri:0, instance:testCases.Login_TC1@32ee6fee]" started-at="2022-02-25T17:14:23 GMT-08:00" name="teardown" finished-at="2022-02-25T17:14:24 GMT-08:00" duration-ms="587" status="PASS">
          <reporter-output>
          </reporter-output>
        </test-method> <!-- teardown -->
      </class> <!-- testCases.Login_TC1 -->
      <class name="testCases.VerifyContactNavBar_TC3">
        <test-method is-config="true" signature="initilize()[pri:0, instance:testCases.VerifyContactNavBar_TC3@c88a337]" started-at="2022-02-25T17:14:01 GMT-08:00" name="initilize" finished-at="2022-02-25T17:14:15 GMT-08:00" duration-ms="13677" status="PASS">
          <reporter-output>
          </reporter-output>
        </test-method> <!-- initilize -->
        <test-method signature="validateTitle()[pri:0, instance:testCases.VerifyContactNavBar_TC3@c88a337]" started-at="2022-02-25T17:14:15 GMT-08:00" name="validateTitle" finished-at="2022-02-25T17:14:15 GMT-08:00" duration-ms="412" status="PASS">
          <reporter-output>
          </reporter-output>
        </test-method> <!-- validateTitle -->
        <test-method is-config="true" signature="teardown()[pri:0, instance:testCases.VerifyContactNavBar_TC3@c88a337]" started-at="2022-02-25T17:14:15 GMT-08:00" name="teardown" finished-at="2022-02-25T17:14:16 GMT-08:00" duration-ms="235" status="PASS">
          <reporter-output>
          </reporter-output>
        </test-method> <!-- teardown -->
      </class> <!-- testCases.VerifyContactNavBar_TC3 -->
      <class name="testCases.VeifyTitle_TC2">
        <test-method is-config="true" signature="initilize()[pri:0, instance:testCases.VeifyTitle_TC2@5d0a1059]" started-at="2022-02-25T17:14:01 GMT-08:00" name="initilize" finished-at="2022-02-25T17:14:16 GMT-08:00" duration-ms="15076" status="PASS">
          <reporter-output>
          </reporter-output>
        </test-method> <!-- initilize -->
        <test-method signature="validateTitle()[pri:0, instance:testCases.VeifyTitle_TC2@5d0a1059]" started-at="2022-02-25T17:14:16 GMT-08:00" name="validateTitle" finished-at="2022-02-25T17:14:16 GMT-08:00" duration-ms="83" status="PASS">
          <reporter-output>
          </reporter-output>
        </test-method> <!-- validateTitle -->
        <test-method is-config="true" signature="teardown()[pri:0, instance:testCases.VeifyTitle_TC2@5d0a1059]" started-at="2022-02-25T17:14:16 GMT-08:00" name="teardown" finished-at="2022-02-25T17:14:17 GMT-08:00" duration-ms="265" status="PASS">
          <reporter-output>
          </reporter-output>
        </test-method> <!-- teardown -->
      </class> <!-- testCases.VeifyTitle_TC2 -->
    </test> <!-- Test -->
  </suite> <!-- Suite -->
  <suite started-at="2022-02-25T17:14:24 GMT-08:00" name="Suite (0)" finished-at="2022-02-25T17:14:56 GMT-08:00" duration-ms="32631">
    <groups>
      <group name="cucumber">
        <method signature="AbstractTestNGCucumberTests.runScenario(io.cucumber.testng.PickleWrapper,io.cucumber.testng.FeatureWrapper)[pri:0, instance:cucumberOptions.TestRunner@5824a83d]" name="runScenario" class="io.cucumber.testng.AbstractTestNGCucumberTests"/>
      </group> <!-- cucumber -->
    </groups>
    <test started-at="2022-02-25T17:14:24 GMT-08:00" name="Test" finished-at="2022-02-25T17:14:56 GMT-08:00" duration-ms="32631">
      <class name="cucumberOptions.TestRunner">
        <test-method is-config="true" signature="setUpClass(org.testng.ITestContext)[pri:0, instance:cucumberOptions.TestRunner@5824a83d]" started-at="2022-02-25T17:14:24 GMT-08:00" name="setUpClass" finished-at="2022-02-25T17:14:24 GMT-08:00" duration-ms="350" status="PASS">
          <params>
            <param index="0">
              <value>
                <![CDATA[org.testng.TestRunner@314b8f2d]]>
              </value>
            </param>
          </params>
          <reporter-output>
          </reporter-output>
        </test-method> <!-- setUpClass -->
        <test-method signature="runScenario(io.cucumber.testng.PickleWrapper,io.cucumber.testng.FeatureWrapper)[pri:0, instance:cucumberOptions.TestRunner@5824a83d]" started-at="2022-02-25T17:14:24 GMT-08:00" name="runScenario" description="Runs Cucumber Scenarios" data-provider="scenarios" finished-at="2022-02-25T17:14:40 GMT-08:00" duration-ms="16238" status="PASS">
          <params>
            <param index="0">
              <value>
                <![CDATA["Validating Login Page"]]>
              </value>
            </param>
            <param index="1">
              <value>
                <![CDATA["Optional[Login to application]"]]>
              </value>
            </param>
          </params>
          <reporter-output>
          </reporter-output>
        </test-method> <!-- runScenario -->
        <test-method signature="runScenario(io.cucumber.testng.PickleWrapper,io.cucumber.testng.FeatureWrapper)[pri:0, instance:cucumberOptions.TestRunner@5824a83d]" started-at="2022-02-25T17:14:40 GMT-08:00" name="runScenario" description="Runs Cucumber Scenarios" data-provider="scenarios" finished-at="2022-02-25T17:14:56 GMT-08:00" duration-ms="16010" status="PASS">
          <params>
            <param index="0">
              <value>
                <![CDATA["Validating Login Page"]]>
              </value>
            </param>
            <param index="1">
              <value>
                <![CDATA["Optional[Login to application]"]]>
              </value>
            </param>
          </params>
          <reporter-output>
          </reporter-output>
        </test-method> <!-- runScenario -->
        <test-method is-config="true" signature="tearDownClass()[pri:0, instance:cucumberOptions.TestRunner@5824a83d]" started-at="2022-02-25T17:14:56 GMT-08:00" name="tearDownClass" finished-at="2022-02-25T17:14:56 GMT-08:00" duration-ms="22" status="PASS">
          <reporter-output>
          </reporter-output>
        </test-method> <!-- tearDownClass -->
      </class> <!-- cucumberOptions.TestRunner -->
    </test> <!-- Test -->
  </suite> <!-- Suite (0) -->
</testng-results>
