<?xml version="1.0" encoding="UTF-8"?>
<testsuite xmlns:xsi="http://www.w3.org/2001/XMLSchema-instance" xsi:noNamespaceSchemaLocation="https://maven.apache.org/surefire/maven-surefire-plugin/xsd/surefire-test-report-3.0.xsd" version="3.0" name="TestSuite" time="56.566" tests="6" errors="0" skipped="0" failures="0">
  <properties>
[...]
</properties>
  <testcase name="validateTitle" classname="testCases.VerifyContactNavBar_TC3" time="0.02">
    <system-err><![CDATA[SLF4J: Failed to load class "org.slf4j.impl.StaticLoggerBinder".
SLF4J: Defaulting to no-operation (NOP) logger implementation
SLF4J: See http://www.slf4j.org/codes.html#StaticLoggerBinder for further details.
Starting CShtroamretDirnigv erC 9h7ro.m0e.Dr4i6v9er2 9.77.10 .(4a6d9e2f.a77813 7(add0e2faa0778a36704dc012ea60ef7fa0b630a40c914e262eabf8f80db-3rae0f9s4/2br2aanbc8h8-dh-eradesf/s4/b6r9an2c@h{-#h1e2a47d}s)/ 46o92n@ {#p1o2r47t} )5 6on3 2p1ort
 6O5n3l48y
O nllyo lcoacla lc ocnonnneeccttiionosn sa arree  alallolwoewde.d.

PPlleeaassee  sseee eh thtttppss::////cchhrroommeeddrriivveerr.c.hrcomhiurmo.omrigu/mse.courrgi/tsye-ccuornitsyi-dceornastiidonesr aftoiro nssu gfgoers tsiuogngse sotn ikoenesp oinn gkee pChrionmg eCDrhiverr soafme.e
Driver safe.
CChhrroommeDerDirvievre rw awsa ss sttaarrtetde sdu cscuecsscfeSustlslafyr.tiu
ngl lChyro.meDr
iver 97.0.4692.71 (adefa7837d02a07a604c1e6eff0b3a09422ab88d-refs/branch-heads/4692@{#1247}) on port 60661
Only local connections are allowed.
Please see https://chromedriver.chromium.org/security-considerations for suggestions on keeping ChromeDriver safe.
ChromeDriver was started successfully.
[1645838046.391][WARNING]: This version of ChromeDriver has not been tested with Chrome version 98.
[1645838046.527][WARNING]: This version of ChromeDriver has not been tested with Chrome version 98.
[1645838046.567][WARNING]: This version of ChromeDriver has not been tested with Chrome version 98.
Feb 25, 2022 5:14:07 PM org.openqa.selenium.remote.ProtocolHandshake createSession
INFO: Detected dialect: W3C
Feb 25, 2022 5:14:07 PM org.openqa.selenium.remote.ProtocolHandshake createSession
INFO: Detected dialect: W3C
Feb 25, 2022 5:14:07 PM org.openqa.selenium.remote.ProtocolHandshake createSession
INFO: Detected dialect: W3C
Feb 25, 2022 5:14:08 PM org.openqa.selenium.devtools.CdpVersionFinder findNearestMatch
WARNING: Unable to find an exact match for CDP version 98, so returning the closest version found: 97
Feb 25, 2022 5:14:08 PM org.openqa.selenium.devtools.CdpVersionFinder findNearestMatch
WARNING: Unable to find an exact match for CDP version 98, so returning the closest version found: 97
Feb 25, 2022 5:14:08 PM org.openqa.selenium.devtools.CdpVersionFinder findNearestMatch
WARNING: Unable to find an exact match for CDP version 98, so returning the closest version found: 97
Feb 25, 2022 5:14:08 PM org.openqa.selenium.devtools.CdpVersionFinder findNearestMatch
INFO: Found CDP implementation for version 98 of 97
Feb 25, 2022 5:14:08 PM org.openqa.selenium.devtools.CdpVersionFinder findNearestMatch
INFO: Found CDP implementation for version 98 of 97
Feb 25, 2022 5:14:08 PM org.openqa.selenium.devtools.CdpVersionFinder findNearestMatch
INFO: Found CDP implementation for version 98 of 97
]]></system-err>
  </testcase>
  <testcase name="validateTitle" classname="testCases.VeifyTitle_TC2" time="0.082"/>
  <testcase name="basePageNavigation[User1, Password1, TestData](1)" classname="testCases.Login_TC1" time="0.807">
    <system-out><![CDATA[TestData
]]></system-out>
  </testcase>
  <testcase name="basePageNavigation[User2, Password2, testData2](2)" classname="testCases.Login_TC1" time="1.406">
    <system-out><![CDATA[testData2
]]></system-out>
    <system-err><![CDATA[Starting ChromeDriver 97.0.4692.71 (adefa7837d02a07a604c1e6eff0b3a09422ab88d-refs/branch-heads/4692@{#1247}) on port 52524
Only local connections are allowed.
Please see https://chromedriver.chromium.org/security-considerations for suggestions on keeping ChromeDriver safe.
ChromeDriver was started successfully.
[1645838059.441][WARNING]: This version of ChromeDriver has not been tested with Chrome version 98.
Feb 25, 2022 5:14:19 PM org.openqa.selenium.remote.ProtocolHandshake createSession
INFO: Detected dialect: W3C
Feb 25, 2022 5:14:19 PM org.openqa.selenium.devtools.CdpVersionFinder findNearestMatch
WARNING: Unable to find an exact match for CDP version 98, so returning the closest version found: 97
Feb 25, 2022 5:14:19 PM org.openqa.selenium.devtools.CdpVersionFinder findNearestMatch
INFO: Found CDP implementation for version 98 of 97
]]></system-err>
  </testcase>
  <testcase name="runScenario[&quot;Validating Login Page&quot;, &quot;Optional[Login to application]&quot;](1)" classname="cucumberOptions.TestRunner" time="16.357">
    <system-err><![CDATA[Starting ChromeDriver 97.0.4692.71 (adefa7837d02a07a604c1e6eff0b3a09422ab88d-refs/branch-heads/4692@{#1247}) on port 59490
Only local connections are allowed.
Please see https://chromedriver.chromium.org/security-considerations for suggestions on keeping ChromeDriver safe.
ChromeDriver was started successfully.
[1645838066.004][WARNING]: This version of ChromeDriver has not been tested with Chrome version 98.
Feb 25, 2022 5:14:26 PM org.openqa.selenium.remote.ProtocolHandshake createSession
INFO: Detected dialect: W3C
Feb 25, 2022 5:14:26 PM org.openqa.selenium.devtools.CdpVersionFinder findNearestMatch
WARNING: Unable to find an exact match for CDP version 98, so returning the closest version found: 97
Feb 25, 2022 5:14:26 PM org.openqa.selenium.devtools.CdpVersionFinder findNearestMatch
INFO: Found CDP implementation for version 98 of 97
]]></system-err>
  </testcase>
  <testcase name="runScenario[&quot;Validating Login Page&quot;, &quot;Optional[Login to application]&quot;](2)" classname="cucumberOptions.TestRunner" time="16.01">
    <system-err><![CDATA[Starting ChromeDriver 97.0.4692.71 (adefa7837d02a07a604c1e6eff0b3a09422ab88d-refs/branch-heads/4692@{#1247}) on port 50485
Only local connections are allowed.
Please see https://chromedriver.chromium.org/security-considerations for suggestions on keeping ChromeDriver safe.
ChromeDriver was started successfully.
[1645838082.406][WARNING]: This version of ChromeDriver has not been tested with Chrome version 98.
Feb 25, 2022 5:14:42 PM org.openqa.selenium.remote.ProtocolHandshake createSession
INFO: Detected dialect: W3C
Feb 25, 2022 5:14:42 PM org.openqa.selenium.devtools.CdpVersionFinder findNearestMatch
WARNING: Unable to find an exact match for CDP version 98, so returning the closest version found: 97
Feb 25, 2022 5:14:42 PM org.openqa.selenium.devtools.CdpVersionFinder findNearestMatch
INFO: Found CDP implementation for version 98 of 97
]]></system-err>
  </testcase>
</testsuite>