<?xml version="1.0" encoding="UTF-8"?>
<!-- Generated by org.testng.reporters.JUnitXMLReporter -->
<testsuite ignored="1" hostname="DESKTOP-MJ8NS57" failures="0" tests="5" name="Test" time="0.039" errors="0" timestamp="2022-02-03T21:38:16 PST">
  <testcase classname="MavenProject.MavenProject1.AppiumTest" name="IOSApps" time="0.004"/>
  <testcase classname="MavenProject.MavenProject1.AppiumTest" name="navtiveAndriod" time="0.0"/>
  <testcase classname="MavenProject.MavenProject1.SeleniumTest" name="browserAutomation" time="0.001"/>
  <testcase classname="MavenProject.MavenProject1.SeleniumTest" name="elementsUi" time="0.0"/>
  <testcase classname="MavenProject.MavenProject1.RestAPITest" name="postJira" time="0.0"/>
  <testcase classname="MavenProject.MavenProject1.RestAPITest" name="deleteTwitter" time="0.0">
    <ignored/>
  </testcase> <!-- deleteTwitter -->
</testsuite> <!-- Test -->
