<?xml version="1.0" encoding="UTF-8"?>
<!-- Generated by org.testng.reporters.JUnitXMLReporter -->
<testsuite ignored="3" hostname="DESKTOP-MJ8NS57" failures="0" tests="6" name="CarLoan" time="0.051" errors="0" timestamp="2022-02-07T08:48:28 PST">
  <testcase classname="test.Day3" name="WebHomeCarLoanLogin" time="0.002"/>
  <testcase classname="test.Day3" name="WebHomeCarLoanLogout" time="0.002"/>
  <testcase classname="test.Day3" name="dataProvider" time="0.002"/>
  <testcase classname="test.Day3" name="dataProvider" time="0.001"/>
  <testcase classname="test.Day3" name="dataProvider" time="0.002"/>
  <testcase classname="test.Day3" name="APICarLoanHome" time="0.001"/>
  <testcase classname="test.Day3" name="MobileCarLoan" time="0.0">
    <ignored/>
  </testcase> <!-- MobileCarLoan -->
  <testcase classname="test.Day3" name="MobileLoginCarLoan" time="0.0">
    <ignored/>
  </testcase> <!-- MobileLoginCarLoan -->
  <testcase classname="test.Day3" name="WebHomeCarLoanHome" time="0.0">
    <ignored/>
  </testcase> <!-- WebHomeCarLoanHome -->
</testsuite> <!-- CarLoan -->
