<?xml version="1.0" encoding="UTF-8"?>
<!-- Generated by org.testng.reporters.JUnitXMLReporter -->
<testsuite ignored="2" hostname="DESKTOP-MJ8NS57" failures="0" tests="5" name="PersonalLoan" time="0.102" errors="0" timestamp="2022-02-16T12:02:51 PST">
  <testcase classname="test.Day1" name="demo" time="0.013"/>
  <testcase classname="test.Day4" name="APIHomeLoan" time="0.002"/>
  <testcase classname="test.Day4" name="MobileHomeLoan" time="0.003"/>
  <testcase classname="test.Day4" name="WebHomeLoanLogin" time="0.003"/>
  <testcase classname="test.Day4" name="WebHomeLoanLogout" time="0.002"/>
  <testcase classname="test.Day2" name="method1" time="0.0">
    <ignored/>
  </testcase> <!-- method1 -->
  <testcase classname="test.Day2" name="method2" time="0.0">
    <ignored/>
  </testcase> <!-- method2 -->
</testsuite> <!-- PersonalLoan -->
