<?xml version="1.0" encoding="UTF-8"?>
<!-- Generated by org.testng.reporters.JUnitXMLReporter -->
<testsuite ignored="2" hostname="DESKTOP-MJ8NS57" failures="1" tests="5" name="PersonalLoan" time="0.107" errors="0" timestamp="2022-02-07T08:48:28 PST">
  <testcase classname="test.Day1" name="demo" time="0.011"/>
  <testcase classname="test.Day4" name="APIHomeLoan" time="0.001"/>
  <testcase classname="test.Day4" name="MobileHomeLoan" time="0.0">
    <failure type="org.testng.TestNGException" message="
Cannot inject @Test annotated Method [MobileHomeLoan] with [class java.lang.String, class java.lang.String].
For more information on native dependency injection please refer to https://testng.org/doc/documentation-main.html#native-dependency-injection">
      <![CDATA[org.testng.TestNGException: 
Cannot inject @Test annotated Method [MobileHomeLoan] with [class java.lang.String, class java.lang.String].
For more information on native dependency injection please refer to https://testng.org/doc/documentation-main.html#native-dependency-injection
at java.base/java.util.ArrayList.forEach(ArrayList.java:1511)
... Removed 26 stack frames]]>
    </failure>
  </testcase> <!-- MobileHomeLoan -->
  <testcase classname="test.Day4" name="WebHomeLoanLogin" time="0.002"/>
  <testcase classname="test.Day4" name="WebHomeLoanLogout" time="0.002"/>
  <testcase classname="test.Day2" name="method1" time="0.0">
    <ignored/>
  </testcase> <!-- method1 -->
  <testcase classname="test.Day2" name="method2" time="0.0">
    <ignored/>
  </testcase> <!-- method2 -->
</testsuite> <!-- PersonalLoan -->
