<?xml version="1.0" encoding="UTF-8"?>
<!-- Generated by org.testng.reporters.JUnitXMLReporter -->
<testsuite ignored="1" hostname="DESKTOP-MJ8NS57" failures="0" tests="1" name="Default test" time="0.054" errors="0" timestamp="2022-02-03T15:11:58 PST">
  <testcase classname="MavenProject.MavenProject1.SeleniumTest" name="browserAutomation" time="0.012"/>
  <testcase classname="MavenProject.MavenProject1.SeleniumTest" name="elementsUi" time="0.0">
    <ignored/>
  </testcase> <!-- elementsUi -->
</testsuite> <!-- Default test -->
