<?xml version="1.0" encoding="UTF-8"?>
<testng-results ignored="0" total="1" passed="1" failed="0" skipped="0">
  <reporter-output>
  </reporter-output>
  <suite started-at="2022-02-08T19:59:04 PST" name="Default suite" finished-at="2022-02-08T19:59:14 PST" duration-ms="9541">
    <groups>
    </groups>
    <test started-at="2022-02-08T19:59:04 PST" name="Default test" finished-at="2022-02-08T19:59:14 PST" duration-ms="9541">
      <class name="ExtentReport.ExtentReport.ExtentReportDemo">
        <test-method is-config="true" signature="config()[pri:0, instance:ExtentReport.ExtentReport.ExtentReportDemo@27462a88]" started-at="2022-02-08T19:59:04 PST" name="config" finished-at="2022-02-08T19:59:05 PST" duration-ms="550" status="PASS">
          <reporter-output>
          </reporter-output>
        </test-method> <!-- config -->
        <test-method signature="demo()[pri:0, instance:ExtentReport.ExtentReport.ExtentReportDemo@27462a88]" started-at="2022-02-08T19:59:05 PST" name="demo" finished-at="2022-02-08T19:59:14 PST" duration-ms="8922" status="PASS">
          <reporter-output>
          </reporter-output>
        </test-method> <!-- demo -->
      </class> <!-- ExtentReport.ExtentReport.ExtentReportDemo -->
    </test> <!-- Default test -->
  </suite> <!-- Default suite -->
</testng-results>
