<?xml version="1.0" encoding="UTF-8"?>
<testng-results ignored="0" total="1" passed="1" failed="0" skipped="0">
  <reporter-output>
  </reporter-output>
  <suite started-at="2022-02-07T20:00:53 PST" name="Default suite" finished-at="2022-02-07T20:01:05 PST" duration-ms="12033">
    <groups>
    </groups>
    <test started-at="2022-02-07T20:00:53 PST" name="Default test" finished-at="2022-02-07T20:01:05 PST" duration-ms="12033">
      <class name="TestCases.LoginApplication">
        <test-method signature="loginPge()[pri:0, instance:TestCases.LoginApplication@1e04fa0a]" started-at="2022-02-07T20:00:53 PST" name="loginPge" finished-at="2022-02-07T20:01:05 PST" duration-ms="11958" status="PASS">
          <reporter-output>
          </reporter-output>
        </test-method> <!-- loginPge -->
      </class> <!-- TestCases.LoginApplication -->
    </test> <!-- Default test -->
  </suite> <!-- Default suite -->
</testng-results>
