<?xml version="1.0" encoding="UTF-8"?>
<testng-results ignored="1" total="2" passed="1" failed="0" skipped="0">
  <reporter-output>
  </reporter-output>
  <suite started-at="2022-02-03T15:11:58 PST" name="Default suite" finished-at="2022-02-03T15:11:58 PST" duration-ms="54">
    <groups>
    </groups>
    <test started-at="2022-02-03T15:11:58 PST" name="Default test" finished-at="2022-02-03T15:11:58 PST" duration-ms="54">
      <class name="MavenProject.MavenProject1.SeleniumTest">
        <test-method signature="browserAutomation()[pri:0, instance:MavenProject.MavenProject1.SeleniumTest@25fb8912]" started-at="2022-02-03T15:11:58 PST" name="browserAutomation" finished-at="2022-02-03T15:11:58 PST" duration-ms="12" status="PASS">
          <reporter-output>
          </reporter-output>
        </test-method> <!-- browserAutomation -->
      </class> <!-- MavenProject.MavenProject1.SeleniumTest -->
    </test> <!-- Default test -->
  </suite> <!-- Default suite -->
</testng-results>
