<?xml version="1.0" encoding="UTF-8"?>
<testng-results ignored="0" total="1" passed="1" failed="0" skipped="0">
  <reporter-output>
  </reporter-output>
  <suite started-at="2022-03-22T17:26:36 PDT" name="Failed suite [Suite]" finished-at="2022-03-22T17:27:00 PDT" duration-ms="24603">
    <groups>
    </groups>
    <test started-at="2022-03-22T17:26:36 PDT" name="Test(failed)" finished-at="2022-03-22T17:27:00 PDT" duration-ms="24603">
      <class name="testCases.VeifyTitle_TC2">
        <test-method is-config="true" signature="initilize()[pri:0, instance:testCases.VeifyTitle_TC2@6cd28fa7]" started-at="2022-03-22T17:26:36 PDT" name="initilize" finished-at="2022-03-22T17:27:00 PDT" duration-ms="24020" status="PASS">
          <reporter-output>
          </reporter-output>
        </test-method> <!-- initilize -->
        <test-method signature="validateTitle()[pri:0, instance:testCases.VeifyTitle_TC2@6cd28fa7]" started-at="2022-03-22T17:27:00 PDT" name="validateTitle" finished-at="2022-03-22T17:27:00 PDT" duration-ms="156" status="PASS">
          <reporter-output>
          </reporter-output>
        </test-method> <!-- validateTitle -->
        <test-method is-config="true" signature="teardown()[pri:0, instance:testCases.VeifyTitle_TC2@6cd28fa7]" started-at="2022-03-22T17:27:00 PDT" name="teardown" finished-at="2022-03-22T17:27:00 PDT" duration-ms="301" status="PASS">
          <reporter-output>
          </reporter-output>
        </test-method> <!-- teardown -->
      </class> <!-- testCases.VeifyTitle_TC2 -->
    </test> <!-- Test(failed) -->
  </suite> <!-- Failed suite [Suite] -->
</testng-results>
