<?xml version="1.0" encoding="UTF-8"?>
<!-- Generated by org.testng.reporters.JUnitXMLReporter -->
<testsuite ignored="0" hostname="DESKTOP-MJ8NS57" failures="0" tests="4" name="Test" time="18.935" errors="0" timestamp="2022-02-10T17:40:37 PST">
  <testcase classname="testCases.VeifyTitle_TC2" name="validateTitle" time="0.062"/>
  <testcase classname="testCases.VerifyContactNavBar_TC3" name="validateTitle" time="0.653"/>
  <testcase classname="testCases.Login_TC1" name="basePageNavigation" time="1.402"/>
  <testcase classname="testCases.Login_TC1" name="basePageNavigation" time="1.347"/>
</testsuite> <!-- Test -->
