<?xml version="1.0" encoding="UTF-8"?>
<!-- Generated by org.testng.reporters.JUnitXMLReporter -->
<testsuite ignored="0" hostname="DESKTOP-MJ8NS57" failures="0" tests="4" name="Test" time="22.451" errors="0" timestamp="2022-02-25T17:14:24 GMT-08:00">
  <testcase classname="testCases.VerifyContactNavBar_TC3" name="validateTitle" time="0.412"/>
  <testcase classname="testCases.VeifyTitle_TC2" name="validateTitle" time="0.083"/>
  <testcase classname="testCases.Login_TC1" name="basePageNavigation" time="1.797"/>
  <testcase classname="testCases.Login_TC1" name="basePageNavigation" time="1.463"/>
</testsuite> <!-- Test -->
