<?xml version="1.0" encoding="UTF-8"?>
<testng-results ignored="0" total="3" passed="3" failed="0" skipped="0">
  <reporter-output>
  </reporter-output>
  <suite started-at="2022-02-01T12:07:44 PST" name="Default suite" finished-at="2022-02-01T12:07:44 PST" duration-ms="101">
    <groups>
    </groups>
    <test started-at="2022-02-01T12:07:44 PST" name="Default test" finished-at="2022-02-01T12:07:44 PST" duration-ms="101">
      <class name="Streams">
        <test-method signature="method1()[pri:0, instance:Streams@659499f1]" started-at="2022-02-01T12:07:44 PST" name="method1" finished-at="2022-02-01T12:07:44 PST" duration-ms="21" status="PASS">
          <reporter-output>
          </reporter-output>
        </test-method> <!-- method1 -->
        <test-method signature="regular()[pri:0, instance:Streams@659499f1]" started-at="2022-02-01T12:07:44 PST" name="regular" finished-at="2022-02-01T12:07:44 PST" duration-ms="1" status="PASS">
          <reporter-output>
          </reporter-output>
        </test-method> <!-- regular -->
        <test-method signature="streamFilter()[pri:0, instance:Streams@659499f1]" started-at="2022-02-01T12:07:44 PST" name="streamFilter" finished-at="2022-02-01T12:07:44 PST" duration-ms="7" status="PASS">
          <reporter-output>
          </reporter-output>
        </test-method> <!-- streamFilter -->
      </class> <!-- Streams -->
    </test> <!-- Default test -->
  </suite> <!-- Default suite -->
</testng-results>
