<?xml version="1.0" encoding="UTF-8"?>
<!-- Generated by org.testng.reporters.JUnitXMLReporter -->
<testsuite ignored="1" hostname="DESKTOP-MJ8NS57" failures="0" tests="2" name="CarLoan" time="0.011" errors="0" timestamp="2022-02-02T12:25:10 PST">
  <testcase classname="test.Day3" name="APICarLoan" time="0.001"/>
  <testcase classname="test.Day3" name="WebCarLoan" time="0.002"/>
  <testcase classname="test.Day3" name="MobileCarLoan" time="0.0">
    <ignored/>
  </testcase> <!-- MobileCarLoan -->
</testsuite> <!-- CarLoan -->
