<?xml version="1.0" encoding="UTF-8"?>
<!-- Generated by org.testng.reporters.JUnitXMLReporter -->
<testsuite ignored="2" hostname="DESKTOP-MJ8NS57" failures="0" tests="4" name="PersonalLoan" time="0.118" errors="0" timestamp="2022-02-02T12:25:10 PST">
  <testcase classname="test.Day1" name="demo" time="0.021"/>
  <testcase classname="test.Day2" name="method1" time="0.0"/>
  <testcase classname="test.Day2" name="method2" time="0.002"/>
  <testcase classname="test.Day4" name="WebHomeLoan" time="0.002"/>
  <testcase classname="test.Day4" name="APIHomeLoan" time="0.0">
    <ignored/>
  </testcase> <!-- APIHomeLoan -->
  <testcase classname="test.Day4" name="MobileHomeLoan" time="0.0">
    <ignored/>
  </testcase> <!-- MobileHomeLoan -->
</testsuite> <!-- PersonalLoan -->
